BST; 9:30-11:10; Ideazione del progetto + Obiettivi
S; 9:55-11:00; Creazione analisi dei requisiti
B; 13:05-13:45; Script per tempi totali
BS; 13:45-14:00; Revisione obiettivi
BST; 16:35-17:05; Revisione obiettivi
BST; 9:25-11:00; Requisiti funzionali
BST; 9:05-9:55; Requisiti non funzionali
ST; 8:45-9:45; Front-End
BST; 9:45-12:10; Front-End e Back-End
S; 18:00-19:00; Creazione PDF analisi dei requisiti
S; 20:05-20:55; Continuo del PDF
S; 9:30-10:25; Conclusione PDF
ST; 14:05-15:15; Revisione PDF
T; 15:15-16:00; Revisione PDF
BST; 16:15-19:10; Revisione PDF e upload requisito
S; 9:05-10:40; Revisione PDF
S; 10:40-11:30; Traduzione requisiti funzionali
BST; 15:15-17:55; Traduzione requisiti non funzionali
S; 15:15-16:40; Revisione requisiti non funzionali
BS; 15:15-17:15; Use case diagram
BST; 10:50-12:15; Analisi contesto
S; 9:55-10:40; Traduzione casi d'uso
BST; 10:40-12:30; Traduzione casi d'uso + Analisi del contesto
BST; 10:45-12:40; Component diagram
BST; 16:00-17:30; Component diagram
BST; 10:40-12:30; Descrizione component diagram
BST; 15:45-19:00; Descrizione component diagram
BST; 10:45-12:10; Revisione context diagram
S; 9:30-10:20; Revisione D2
BST; 9:45-12:10; Class diagram
BS; 9:30-10:30; Creazione documento D3 
ST; 15:00-16:00; Descrizione Class diagram
BST; 16:00-18:50; Descrizione Class diagram
BST; 16:30-17:30; Descrizione Class diagram
S; 15:15-18:00; OCL
S; 10:00-11:30; Completamento D3
BST; 16:15-18:30; Resources Extraction
ST; 9:00-9:45; Inizio D4
BST; 9:45-12:00; Resources Model
BST; 9:30-12:00; Resources Model + User Flows Cliente
S; 16:45-18:05; Stesura D4
S; 11:15-11:55; Stesura D4
ST; 16:05-18:40; User Flows Gestore
BST; 21:00-22:30; Stesura D4 + Inizzializzazione progetto
B; 22:30-01:30; Init progetto in nextjs
BST; 21:00-23:00; Creazione Front end + Back End
BS; 15:45-18:45; Front End + Back End
S; 17:00-19:30; Front End (Login page)
BT; 21:00-23:30; Front End refactor & page template
S; 11:30-12:30; Front End (Homepage)
ST; 15:00-15:30; Front End + Back End
BST; 15:30-16:30; Front End + Back End
BS; 16:30-18:30; Front End + Back End
BST; 18:30-19:30; Front End + Back End
B; 19:30-20:40; Menu API
B; 22:30-24:00; API Doc
B; 1:30-3:00; API Doc & Menu API
S; 10:30-12:30; Front End refactoring + carrello
S; 16:00-19:00; Front End (Carrello)
B; 20:00-21:00; Front End refactor
B; 22:30-1:00; restaurant API, frontend API implementation, doc
T; 9:30-12:30; Figma Front End
S; 10:30-12:30; Carrello refactor
S; 15:30-18:30; Front End refactor + Il mio profilo
B; 16:30-19:30; Back end + FE API impl
T; 20:00-22:30; Figma Front End
S; 8:50-12:15; Front End Modifica profilo, email, password, Gestione dei ristoranti: aggiunta da fare, elimina da correggere l'implementazione
S; 15:50-18:55; Front End aggiungi ristorante  
S; 8:55-10:00; Front End aggiunta preferiti
ST; 10:00-12:00; Front End refactoring
BST; 16:00-17:00; Front End + Back End
ST; 17:00-18:00; Revisione D1
BST; 18:00-19:20; Front End + Revisione D1
T; 21:30-00:00; Revisione D1
B; 18:30-20:15; Front End + Back End
B; 21:30-1:40; Back End + Vercell primo caricamento
S; 11:00-12:00; yupSchema upload, aggiungiristoranti form modified
T; 15:00-16:00; Revisione D1
ST; 16:00-19:30; Front End differenze tra gestore e utente
S; 20:00-23:30; Front End refactory + Db add
T; 22:00-00:00; Revisione Deliverables
B; 22:30-00:10; Revisione Back End + Caricamento sito su Vercell
S; 9:45-12:00; API refactoring + Fill db
T; 9:45-12:00; Revisione Deliverables
S; 15:30-19:00; Aggiunte pagina ordine e recupero password + Back End
T; 15:15-19:00; Revisione Deliverables
S; 20:30-23:30; DB filling + Revisione Front End
T; 21:00-00:00; Revisione Deliverables
B; 23:45-02:00; Bug fixes sul front end e back end
S; 9:15-12:10; DB filling + Fixed Tab names
S; 14:30-18:30; Revisione Deliverables + Creazione e stesura D5
S; 14:15-16:45; Stesura D4 e D5
BST; 16:45-19:45; Bug Fixes e stesura D4
S; 20:30-21:00; Aggiunta dei menu al db
S; 21:00-22:00; Stesura D4 e D5
BST; 22:00-23:30; Stesura D4
BT; 23:30-; Stesura D4